-------------------------------------------------------
Primary job  terminated normally, but 1 process returned
a non-zero exit code.. Per user-direction, the job has been aborted.
-------------------------------------------------------
./JHUGen: error while loading shared libraries: libmcfm_705.so: cannot open shared object file: No such file or directory
./JHUGen: error while loading shared libraries: libmcfm_705.so: cannot open shared object file: No such file or directory
./JHUGen: error while loading shared libraries: libmcfm_705.so: cannot open shared object file: No such file or directory
./JHUGen: error while loading shared libraries: libmcfm_705.so: cannot open shared object file: No such file or directory
./JHUGen: error while loading shared libraries: libmcfm_705.so: cannot open shared object file: No such file or directory
./JHUGen: error while loading shared libraries: libmcfm_705.so: cannot open shared object file: No such file or directory
./JHUGen: error while loading shared libraries: libmcfm_705.so: cannot open shared object file: No such file or directory
./JHUGen: error while loading shared libraries: libmcfm_705.so: cannot open shared object file: No such file or directory
./JHUGen: error while loading shared libraries: libmcfm_705.so: cannot open shared object file: No such file or directory
./JHUGen: error while loading shared libraries: libmcfm_705.so: cannot open shared object file: No such file or directory
./JHUGen: error while loading shared libraries: libmcfm_705.so: cannot open shared object file: No such file or directory
./JHUGen: error while loading shared libraries: libmcfm_705.so: cannot open shared object file: No such file or directory
./JHUGen: error while loading shared libraries: libmcfm_705.so: cannot open shared object file: No such file or directory
./JHUGen: error while loading shared libraries: libmcfm_705.so: cannot open shared object file: No such file or directory
./JHUGen: error while loading shared libraries: libmcfm_705.so: cannot open shared object file: No such file or directory
./JHUGen: error while loading shared libraries: libmcfm_705.so: cannot open shared object file: No such file or directory
./JHUGen: error while loading shared libraries: libmcfm_705.so: cannot open shared object file: No such file or directory
./JHUGen: error while loading shared libraries: libmcfm_705.so: cannot open shared object file: No such file or directory
./JHUGen: error while loading shared libraries: libmcfm_705.so: cannot open shared object file: No such file or directory
./JHUGen: error while loading shared libraries: libmcfm_705.so: cannot open shared object file: No such file or directory
./JHUGen: error while loading shared libraries: libmcfm_705.so: cannot open shared object file: No such file or directory
./JHUGen: error while loading shared libraries: libmcfm_705.so: cannot open shared object file: No such file or directory
./JHUGen: error while loading shared libraries: libmcfm_705.so: cannot open shared object file: No such file or directory
./JHUGen: error while loading shared libraries: libmcfm_705.so: cannot open shared object file: No such file or directory
--------------------------------------------------------------------------
mpiexec detected that one or more processes exited with non-zero status, thus causing
the job to be terminated. The first process to do so was:

  Process name: [[5953,1],0]
  Exit code:    127
--------------------------------------------------------------------------

real	0m0.320s
user	0m0.084s
sys	0m0.141s
Finished with job 26816967
