                                                            
         *******************************************        
         *              C O L L I E R              *        
         *                                         *        
         *        Complex One-Loop Library         *        
         *      In Extended Regularizations        *        
         *                                         *        
         *    by A.Denner, S.Dittmaier, L.Hofer    *        
         *                                         *        
         *              version  1.2               *        
         *                                         *        
         *******************************************        
                                                            
                                                           
 ***********************************************************
                                                            
   COLLIER: information on settings and internal parameters 
     is written to the file data/gg_14_SM_1M_collierfiles/InfOut.cll
                                                            
 ***********************************************************
                                                            
                                                            
         *******************************************        
         *              C O L L I E R              *        
         *                                         *        
         *        Complex One-Loop Library         *        
         *      In Extended Regularizations        *        
         *                                         *        
         *    by A.Denner, S.Dittmaier, L.Hofer    *        
         *                                         *        
         *              version  1.2               *        
         *                                         *        
         *******************************************        
                                                            
                                                           
 ***********************************************************
                                                            
   COLLIER: information on settings and internal parameters 
     is written to the file data/gg_14_SM_1M_collierfiles/InfOut.cll
                                                            
 ***********************************************************
                                                            
                                                            
         *******************************************        
         *              C O L L I E R              *        
         *                                         *        
         *        Complex One-Loop Library         *        
         *      In Extended Regularizations        *        
         *                                         *        
         *    by A.Denner, S.Dittmaier, L.Hofer    *        
         *                                         *        
         *              version  1.2               *        
         *                                         *        
         *******************************************        
                                                            
                                                           
 ***********************************************************
                                                            
   COLLIER: information on settings and internal parameters 
     is written to the file data/gg_14_SM_1M_collierfiles/InfOut.cll
                                                            
 ***********************************************************
                                                            
                                                            
         *******************************************        
         *              C O L L I E R              *        
         *                                         *        
         *        Complex One-Loop Library         *        
         *      In Extended Regularizations        *        
         *                                         *        
         *    by A.Denner, S.Dittmaier, L.Hofer    *        
         *                                         *        
         *              version  1.2               *        
         *                                         *        
         *******************************************        
                                                            
                                                           
 ***********************************************************
                                                            
   COLLIER: information on settings and internal parameters 
     is written to the file data/gg_14_SM_1M_collierfiles/InfOut.cll
                                                            
 ***********************************************************
                                                            
                                                            
         *******************************************        
         *              C O L L I E R              *        
         *                                         *        
         *        Complex One-Loop Library         *        
         *      In Extended Regularizations        *        
         *                                         *        
         *    by A.Denner, S.Dittmaier, L.Hofer    *        
         *                                         *        
         *              version  1.2               *        
         *                                         *        
         *******************************************        
                                                            
                                                           
 ***********************************************************
                                                            
   COLLIER: information on settings and internal parameters 
     is written to the file data/gg_14_SM_1M_collierfiles/InfOut.cll
                                                            
 ***********************************************************
                                                            
                                                            
         *******************************************        
         *              C O L L I E R              *        
         *                                         *        
         *        Complex One-Loop Library         *        
         *      In Extended Regularizations        *        
         *                                         *        
         *    by A.Denner, S.Dittmaier, L.Hofer    *        
         *                                         *        
         *              version  1.2               *        
         *                                         *        
         *******************************************        
                                                            
                                                           
 ***********************************************************
                                                            
   COLLIER: information on settings and internal parameters 
     is written to the file data/gg_14_SM_1M_collierfiles/InfOut.cll
                                                            
 ***********************************************************
                                                            
                                                            
         *******************************************        
         *              C O L L I E R              *        
         *                                         *        
         *        Complex One-Loop Library         *        
         *      In Extended Regularizations        *        
         *                                         *        
         *    by A.Denner, S.Dittmaier, L.Hofer    *        
         *                                         *        
         *              version  1.2               *        
         *                                         *        
         *******************************************        
                                                            
                                                           
 ***********************************************************
                                                            
   COLLIER: information on settings and internal parameters 
     is written to the file data/gg_14_SM_1M_collierfiles/InfOut.cll
                                                            
 ***********************************************************
                                                            
                                                            
         *******************************************        
         *              C O L L I E R              *        
         *                                         *        
         *        Complex One-Loop Library         *        
         *      In Extended Regularizations        *        
         *                                         *        
         *    by A.Denner, S.Dittmaier, L.Hofer    *        
         *                                         *        
         *              version  1.2               *        
         *                                         *        
         *******************************************        
                                                            
                                                           
 ***********************************************************
                                                            
   COLLIER: information on settings and internal parameters 
     is written to the file data/gg_14_SM_1M_collierfiles/InfOut.cll
                                                            
 ***********************************************************
                                                            
                                                            
         *******************************************        
         *              C O L L I E R              *        
         *                                         *        
         *        Complex One-Loop Library         *        
         *      In Extended Regularizations        *        
         *                                         *        
         *    by A.Denner, S.Dittmaier, L.Hofer    *        
         *                                         *        
         *              version  1.2               *        
         *                                         *        
         *******************************************        
                                                            
                                                           
 ***********************************************************
                                                            
   COLLIER: information on settings and internal parameters 
     is written to the file data/gg_14_SM_1M_collierfiles/InfOut.cll
                                                            
 ***********************************************************
                                                            
                                                            
         *******************************************        
         *              C O L L I E R              *        
         *                                         *        
         *        Complex One-Loop Library         *        
         *      In Extended Regularizations        *        
         *                                         *        
         *    by A.Denner, S.Dittmaier, L.Hofer    *        
         *                                         *        
         *              version  1.2               *        
         *                                         *        
         *******************************************        
                                                            
                                                           
 ***********************************************************
                                                            
   COLLIER: information on settings and internal parameters 
     is written to the file data/gg_14_SM_1M_collierfiles/InfOut.cll
                                                            
 ***********************************************************
                                                            
                                                            
         *******************************************        
         *              C O L L I E R              *        
         *                                         *        
         *        Complex One-Loop Library         *        
         *      In Extended Regularizations        *        
         *                                         *        
         *    by A.Denner, S.Dittmaier, L.Hofer    *        
         *                                         *        
         *              version  1.2               *        
         *                                         *        
         *******************************************        
                                                            
                                                           
 ***********************************************************
                                                            
   COLLIER: information on settings and internal parameters 
     is written to the file data/gg_14_SM_1M_collierfiles/InfOut.cll
                                                            
 ***********************************************************
                                                            
                                                            
         *******************************************        
         *              C O L L I E R              *        
         *                                         *        
         *        Complex One-Loop Library         *        
         *      In Extended Regularizations        *        
         *                                         *        
         *    by A.Denner, S.Dittmaier, L.Hofer    *        
         *                                         *        
         *              version  1.2               *        
         *                                         *        
         *******************************************        
                                                            
                                                           
 ***********************************************************
                                                            
   COLLIER: information on settings and internal parameters 
     is written to the file data/gg_14_SM_1M_collierfiles/InfOut.cll
                                                            
 ***********************************************************
                                                            
                                                            
         *******************************************        
         *              C O L L I E R              *        
         *                                         *        
         *        Complex One-Loop Library         *        
         *      In Extended Regularizations        *        
         *                                         *        
         *    by A.Denner, S.Dittmaier, L.Hofer    *        
         *                                         *        
         *              version  1.2               *        
         *                                         *        
         *******************************************        
                                                            
                                                           
 ***********************************************************
                                                            
   COLLIER: information on settings and internal parameters 
     is written to the file data/gg_14_SM_1M_collierfiles/InfOut.cll
                                                            
 ***********************************************************
                                                            
                                                            
         *******************************************        
         *              C O L L I E R              *        
         *                                         *        
         *        Complex One-Loop Library         *        
         *      In Extended Regularizations        *        
         *                                         *        
         *    by A.Denner, S.Dittmaier, L.Hofer    *        
         *                                         *        
         *              version  1.2               *        
         *                                         *        
         *******************************************        
                                                            
                                                           
 ***********************************************************
                                                            
   COLLIER: information on settings and internal parameters 
     is written to the file data/gg_14_SM_1M_collierfiles/InfOut.cll
                                                            
 ***********************************************************
                                                            
                                                            
         *******************************************        
         *              C O L L I E R              *        
         *                                         *        
         *        Complex One-Loop Library         *        
         *      In Extended Regularizations        *        
         *                                         *        
         *    by A.Denner, S.Dittmaier, L.Hofer    *        
         *                                         *        
         *              version  1.2               *        
         *                                         *        
         *******************************************        
                                                            
                                                           
 ***********************************************************
                                                            
   COLLIER: information on settings and internal parameters 
     is written to the file data/gg_14_SM_1M_collierfiles/InfOut.cll
                                                            
 ***********************************************************
                                                            
                                                            
         *******************************************        
         *              C O L L I E R              *        
         *                                         *        
         *        Complex One-Loop Library         *        
         *      In Extended Regularizations        *        
         *                                         *        
         *    by A.Denner, S.Dittmaier, L.Hofer    *        
         *                                         *        
         *              version  1.2               *        
         *                                         *        
         *******************************************        
                                                            
                                                           
 ***********************************************************
                                                            
   COLLIER: information on settings and internal parameters 
     is written to the file data/gg_14_SM_1M_collierfiles/InfOut.cll
                                                            
 ***********************************************************
                                                            
                                                            
         *******************************************        
         *              C O L L I E R              *        
         *                                         *        
         *        Complex One-Loop Library         *        
         *      In Extended Regularizations        *        
         *                                         *        
         *    by A.Denner, S.Dittmaier, L.Hofer    *        
         *                                         *        
         *              version  1.2               *        
         *                                         *        
         *******************************************        
                                                            
                                                           
 ***********************************************************
                                                            
   COLLIER: information on settings and internal parameters 
     is written to the file data/gg_14_SM_1M_collierfiles/InfOut.cll
                                                            
 ***********************************************************
                                                            
                                                            
         *******************************************        
         *              C O L L I E R              *        
         *                                         *        
         *        Complex One-Loop Library         *        
         *      In Extended Regularizations        *        
         *                                         *        
         *    by A.Denner, S.Dittmaier, L.Hofer    *        
         *                                         *        
         *              version  1.2               *        
         *                                         *        
         *******************************************        
                                                            
                                                           
 ***********************************************************
                                                            
   COLLIER: information on settings and internal parameters 
     is written to the file data/gg_14_SM_1M_collierfiles/InfOut.cll
                                                            
 ***********************************************************
                                                            
                                                            
         *******************************************        
         *              C O L L I E R              *        
         *                                         *        
         *        Complex One-Loop Library         *        
         *      In Extended Regularizations        *        
         *                                         *        
         *    by A.Denner, S.Dittmaier, L.Hofer    *        
         *                                         *        
         *              version  1.2               *        
         *                                         *        
         *******************************************        
                                                            
                                                           
 ***********************************************************
                                                            
   COLLIER: information on settings and internal parameters 
     is written to the file data/gg_14_SM_1M_collierfiles/InfOut.cll
                                                            
 ***********************************************************
                                                            
                                                            
         *******************************************        
         *              C O L L I E R              *        
         *                                         *        
         *        Complex One-Loop Library         *        
         *      In Extended Regularizations        *        
         *                                         *        
         *    by A.Denner, S.Dittmaier, L.Hofer    *        
         *                                         *        
         *              version  1.2               *        
         *                                         *        
         *******************************************        
                                                            
                                                           
 ***********************************************************
                                                            
   COLLIER: information on settings and internal parameters 
     is written to the file data/gg_14_SM_1M_collierfiles/InfOut.cll
                                                            
 ***********************************************************
                                                            
                                                            
         *******************************************        
         *              C O L L I E R              *        
         *                                         *        
         *        Complex One-Loop Library         *        
         *      In Extended Regularizations        *        
         *                                         *        
         *    by A.Denner, S.Dittmaier, L.Hofer    *        
         *                                         *        
         *              version  1.2               *        
         *                                         *        
         *******************************************        
                                                            
                                                           
 ***********************************************************
                                                            
   COLLIER: information on settings and internal parameters 
     is written to the file data/gg_14_SM_1M_collierfiles/InfOut.cll
                                                            
 ***********************************************************
                                                            
                                                            
         *******************************************        
         *              C O L L I E R              *        
         *                                         *        
         *        Complex One-Loop Library         *        
         *      In Extended Regularizations        *        
         *                                         *        
         *    by A.Denner, S.Dittmaier, L.Hofer    *        
         *                                         *        
         *              version  1.2               *        
         *                                         *        
         *******************************************        
                                                            
                                                           
 ***********************************************************
                                                            
   COLLIER: information on settings and internal parameters 
     is written to the file data/gg_14_SM_1M_collierfiles/InfOut.cll
                                                            
 ***********************************************************
                                                            
                                                            
         *******************************************        
         *              C O L L I E R              *        
         *                                         *        
         *        Complex One-Loop Library         *        
         *      In Extended Regularizations        *        
         *                                         *        
         *    by A.Denner, S.Dittmaier, L.Hofer    *        
         *                                         *        
         *              version  1.2               *        
         *                                         *        
         *******************************************        
                                                            
                                                           
 ***********************************************************
                                                            
   COLLIER: information on settings and internal parameters 
     is written to the file data/gg_14_SM_1M_collierfiles/InfOut.cll
                                                            
 ***********************************************************
                                                            
                                                            
         *******************************************        
         *              C O L L I E R              *        
         *                                         *        
         *        Complex One-Loop Library         *        
         *      In Extended Regularizations        *        
         *                                         *        
         *    by A.Denner, S.Dittmaier, L.Hofer    *        
         *                                         *        
         *              version  1.2               *        
         *                                         *        
         *******************************************        
                                                            
                                                           
 ***********************************************************
                                                            
   COLLIER: information on settings and internal parameters 
     is written to the file data/gg_14_SM_1M_collierfiles/InfOut.cll
                                                            
 ***********************************************************
                                                            
 
 
 
 
 
 
 
 
 
 
 
 
 
 
 
 
 
 
 
 
 
 
 
 
  
  ***************************************************************************************
  *                                JHU Generator v7.1.5                                 *
  ***************************************************************************************
  *                                                                                     *
  *   Spin and parity determination of single-produced resonances at hadron colliders   *
  *                                                                                     *
  *              I. Anderson, S. Bolognesi, F. Caola, Y. Gao, A. Gritsan,               *
  *          Z. Guo, C. Martin, K. Melnikov, R. Rontsch, H. Roskes, U. Sarica,          *
  *                 M. Schulze, N. Tran, A. Whitbeck, M. Xiao, Y. Zhou                  *
  *              Phys.Rev. D81 (2010) 075022;  arXiv:1001.3396  [hep-ph],               *
  *              Phys.Rev. D86 (2012) 095031;  arXiv:1208.4018  [hep-ph],               *
  *              Phys.Rev. D89 (2014) 035007;  arXiv:1309.4819  [hep-ph],               *
  *              Phys.Rev. D94 (2016) 055023;  arXiv:1606.03107 [hep-ph].               *
  *                                                                                     *
  ***************************************************************************************
  
   
   Command line: ./JHUGen PDFSet=2 Collider=1 Process=51 VH_PC=gg Unweighted=1 VegasNc0=100000 VegasNc2=1000000 DataFile=data/gg_14_SM_1M FacScheme=2 RenScheme=2 MuFacMultiplier=1d0 MuRenMultiplier=1d0 Interf=0 Seed=1
   
   Input Parameter:
    Collider: P-P, sqrt(s)=14000.00
    Resonance: spin=0, mass= 125.00 width=   0.00407
    Random seed:           1
    To reproduce results using this seed, JHUGen should be compiled with the same compiler:
      GNU Fortran (GCC) 5.3.0
    
    WidthScheme:   2
    PDFSet:   2
    Unweighted: T
    
      Lambda=  1000.0
    
    LHE output: data/gg_14_SM_1M.lhe
    Histogram output: data/gg_14_SM_1M.dat
    Log file: data/gg_14_SM_1M.log
    
  
  ***************************************************************************************
  *                                JHU Generator v7.1.5                                 *
  ***************************************************************************************
  *                                                                                     *
  *   Spin and parity determination of single-produced resonances at hadron colliders   *
  *                                                                                     *
  *              I. Anderson, S. Bolognesi, F. Caola, Y. Gao, A. Gritsan,               *
  *          Z. Guo, C. Martin, K. Melnikov, R. Rontsch, H. Roskes, U. Sarica,          *
  *                 M. Schulze, N. Tran, A. Whitbeck, M. Xiao, Y. Zhou                  *
  *              Phys.Rev. D81 (2010) 075022;  arXiv:1001.3396  [hep-ph],               *
  *              Phys.Rev. D86 (2012) 095031;  arXiv:1208.4018  [hep-ph],               *
  *              Phys.Rev. D89 (2014) 035007;  arXiv:1309.4819  [hep-ph],               *
  *              Phys.Rev. D94 (2016) 055023;  arXiv:1606.03107 [hep-ph].               *
  *                                                                                     *
  ***************************************************************************************
  
   
   Command line: ./JHUGen PDFSet=2 Collider=1 Process=51 VH_PC=gg Unweighted=1 VegasNc0=100000 VegasNc2=1000000 DataFile=data/gg_14_SM_1M FacScheme=2 RenScheme=2 MuFacMultiplier=1d0 MuRenMultiplier=1d0 Interf=0 Seed=1
   
   Input Parameter:
    Collider: P-P, sqrt(s)=14000.00
    Resonance: spin=0, mass= 125.00 width=   0.00407
    Random seed:           1
    To reproduce results using this seed, JHUGen should be compiled with the same compiler:
      GNU Fortran (GCC) 5.3.0
    
    WidthScheme:   2
    PDFSet:   2
    Unweighted: T
    
      Lambda=  1000.0
    
    LHE output: data/gg_14_SM_1M.lhe
    Histogram output: data/gg_14_SM_1M.dat
    Log file: data/gg_14_SM_1M.log
    
  
  ***************************************************************************************
  *                                JHU Generator v7.1.5                                 *
  ***************************************************************************************
  *                                                                                     *
  *   Spin and parity determination of single-produced resonances at hadron colliders   *
  *                                                                                     *
  *              I. Anderson, S. Bolognesi, F. Caola, Y. Gao, A. Gritsan,               *
  *          Z. Guo, C. Martin, K. Melnikov, R. Rontsch, H. Roskes, U. Sarica,          *
  *                 M. Schulze, N. Tran, A. Whitbeck, M. Xiao, Y. Zhou                  *
  *              Phys.Rev. D81 (2010) 075022;  arXiv:1001.3396  [hep-ph],               *
  *              Phys.Rev. D86 (2012) 095031;  arXiv:1208.4018  [hep-ph],               *
  *              Phys.Rev. D89 (2014) 035007;  arXiv:1309.4819  [hep-ph],               *
  *              Phys.Rev. D94 (2016) 055023;  arXiv:1606.03107 [hep-ph].               *
  *                                                                                     *
  ***************************************************************************************
  
   
   Command line: ./JHUGen PDFSet=2 Collider=1 Process=51 VH_PC=gg Unweighted=1 VegasNc0=100000 VegasNc2=1000000 DataFile=data/gg_14_SM_1M FacScheme=2 RenScheme=2 MuFacMultiplier=1d0 MuRenMultiplier=1d0 Interf=0 Seed=1
   
   Input Parameter:
    Collider: P-P, sqrt(s)=14000.00
    Resonance: spin=0, mass= 125.00 width=   0.00407
    Random seed:           1
    To reproduce results using this seed, JHUGen should be compiled with the same compiler:
      GNU Fortran (GCC) 5.3.0
    
    WidthScheme:   2
    PDFSet:   2
    Unweighted: T
    
      Lambda=  1000.0
    
    LHE output: data/gg_14_SM_1M.lhe
    Histogram output: data/gg_14_SM_1M.dat
    Log file: data/gg_14_SM_1M.log
    
  
  ***************************************************************************************
  *                                JHU Generator v7.1.5                                 *
  ***************************************************************************************
  *                                                                                     *
  *   Spin and parity determination of single-produced resonances at hadron colliders   *
  *                                                                                     *
  *              I. Anderson, S. Bolognesi, F. Caola, Y. Gao, A. Gritsan,               *
  *          Z. Guo, C. Martin, K. Melnikov, R. Rontsch, H. Roskes, U. Sarica,          *
  *                 M. Schulze, N. Tran, A. Whitbeck, M. Xiao, Y. Zhou                  *
  *              Phys.Rev. D81 (2010) 075022;  arXiv:1001.3396  [hep-ph],               *
  *              Phys.Rev. D86 (2012) 095031;  arXiv:1208.4018  [hep-ph],               *
  *              Phys.Rev. D89 (2014) 035007;  arXiv:1309.4819  [hep-ph],               *
  *              Phys.Rev. D94 (2016) 055023;  arXiv:1606.03107 [hep-ph].               *
  *                                                                                     *
  ***************************************************************************************
  
   
   Command line: ./JHUGen PDFSet=2 Collider=1 Process=51 VH_PC=gg Unweighted=1 VegasNc0=100000 VegasNc2=1000000 DataFile=data/gg_14_SM_1M FacScheme=2 RenScheme=2 MuFacMultiplier=1d0 MuRenMultiplier=1d0 Interf=0 Seed=1
   
   Input Parameter:
    Collider: P-P, sqrt(s)=14000.00
    Resonance: spin=0, mass= 125.00 width=   0.00407
    Random seed:           1
    To reproduce results using this seed, JHUGen should be compiled with the same compiler:
      GNU Fortran (GCC) 5.3.0
    
    WidthScheme:   2
    PDFSet:   2
    Unweighted: T
    
      Lambda=  1000.0
    
    LHE output: data/gg_14_SM_1M.lhe
    Histogram output: data/gg_14_SM_1M.dat
    Log file: data/gg_14_SM_1M.log
    
  
  ***************************************************************************************
  *                                JHU Generator v7.1.5                                 *
  ***************************************************************************************
  *                                                                                     *
  *   Spin and parity determination of single-produced resonances at hadron colliders   *
  *                                                                                     *
  *              I. Anderson, S. Bolognesi, F. Caola, Y. Gao, A. Gritsan,               *
  *          Z. Guo, C. Martin, K. Melnikov, R. Rontsch, H. Roskes, U. Sarica,          *
  *                 M. Schulze, N. Tran, A. Whitbeck, M. Xiao, Y. Zhou                  *
  *              Phys.Rev. D81 (2010) 075022;  arXiv:1001.3396  [hep-ph],               *
  *              Phys.Rev. D86 (2012) 095031;  arXiv:1208.4018  [hep-ph],               *
  *              Phys.Rev. D89 (2014) 035007;  arXiv:1309.4819  [hep-ph],               *
  *              Phys.Rev. D94 (2016) 055023;  arXiv:1606.03107 [hep-ph].               *
  *                                                                                     *
  ***************************************************************************************
  
   
   Command line: ./JHUGen PDFSet=2 Collider=1 Process=51 VH_PC=gg Unweighted=1 VegasNc0=100000 VegasNc2=1000000 DataFile=data/gg_14_SM_1M FacScheme=2 RenScheme=2 MuFacMultiplier=1d0 MuRenMultiplier=1d0 Interf=0 Seed=1
   
   Input Parameter:
    Collider: P-P, sqrt(s)=14000.00
    Resonance: spin=0, mass= 125.00 width=   0.00407
    Random seed:           1
    To reproduce results using this seed, JHUGen should be compiled with the same compiler:
      GNU Fortran (GCC) 5.3.0
    
    WidthScheme:   2
    PDFSet:   2
    Unweighted: T
    
      Lambda=  1000.0
    
    LHE output: data/gg_14_SM_1M.lhe
    Histogram output: data/gg_14_SM_1M.dat
    Log file: data/gg_14_SM_1M.log
    
  
  ***************************************************************************************
  *                                JHU Generator v7.1.5                                 *
  ***************************************************************************************
  *                                                                                     *
  *   Spin and parity determination of single-produced resonances at hadron colliders   *
  *                                                                                     *
  *              I. Anderson, S. Bolognesi, F. Caola, Y. Gao, A. Gritsan,               *
  *          Z. Guo, C. Martin, K. Melnikov, R. Rontsch, H. Roskes, U. Sarica,          *
  *                 M. Schulze, N. Tran, A. Whitbeck, M. Xiao, Y. Zhou                  *
  *              Phys.Rev. D81 (2010) 075022;  arXiv:1001.3396  [hep-ph],               *
  *              Phys.Rev. D86 (2012) 095031;  arXiv:1208.4018  [hep-ph],               *
  *              Phys.Rev. D89 (2014) 035007;  arXiv:1309.4819  [hep-ph],               *
  *              Phys.Rev. D94 (2016) 055023;  arXiv:1606.03107 [hep-ph].               *
  *                                                                                     *
  ***************************************************************************************
  
   
   Command line: ./JHUGen PDFSet=2 Collider=1 Process=51 VH_PC=gg Unweighted=1 VegasNc0=100000 VegasNc2=1000000 DataFile=data/gg_14_SM_1M FacScheme=2 RenScheme=2 MuFacMultiplier=1d0 MuRenMultiplier=1d0 Interf=0 Seed=1
   
   Input Parameter:
    Collider: P-P, sqrt(s)=14000.00
    Resonance: spin=0, mass= 125.00 width=   0.00407
    Random seed:           1
    To reproduce results using this seed, JHUGen should be compiled with the same compiler:
      GNU Fortran (GCC) 5.3.0
    
    WidthScheme:   2
    PDFSet:   2
    Unweighted: T
    
      Lambda=  1000.0
    
    LHE output: data/gg_14_SM_1M.lhe
    Histogram output: data/gg_14_SM_1M.dat
    Log file: data/gg_14_SM_1M.log
    
  
  ***************************************************************************************
  *                                JHU Generator v7.1.5                                 *
  ***************************************************************************************
  *                                                                                     *
  *   Spin and parity determination of single-produced resonances at hadron colliders   *
  *                                                                                     *
  *              I. Anderson, S. Bolognesi, F. Caola, Y. Gao, A. Gritsan,               *
  *          Z. Guo, C. Martin, K. Melnikov, R. Rontsch, H. Roskes, U. Sarica,          *
  *                 M. Schulze, N. Tran, A. Whitbeck, M. Xiao, Y. Zhou                  *
  *              Phys.Rev. D81 (2010) 075022;  arXiv:1001.3396  [hep-ph],               *
  *              Phys.Rev. D86 (2012) 095031;  arXiv:1208.4018  [hep-ph],               *
  *              Phys.Rev. D89 (2014) 035007;  arXiv:1309.4819  [hep-ph],               *
  *              Phys.Rev. D94 (2016) 055023;  arXiv:1606.03107 [hep-ph].               *
  *                                                                                     *
  ***************************************************************************************
  
   
   Command line: ./JHUGen PDFSet=2 Collider=1 Process=51 VH_PC=gg Unweighted=1 VegasNc0=100000 VegasNc2=1000000 DataFile=data/gg_14_SM_1M FacScheme=2 RenScheme=2 MuFacMultiplier=1d0 MuRenMultiplier=1d0 Interf=0 Seed=1
   
   Input Parameter:
    Collider: P-P, sqrt(s)=14000.00
    Resonance: spin=0, mass= 125.00 width=   0.00407
    Random seed:           1
    To reproduce results using this seed, JHUGen should be compiled with the same compiler:
      GNU Fortran (GCC) 5.3.0
    
    WidthScheme:   2
    PDFSet:   2
    Unweighted: T
    
      Lambda=  1000.0
    
    LHE output: data/gg_14_SM_1M.lhe
    Histogram output: data/gg_14_SM_1M.dat
    Log file: data/gg_14_SM_1M.log
    
  
  ***************************************************************************************
  *                                JHU Generator v7.1.5                                 *
  ***************************************************************************************
  *                                                                                     *
  *   Spin and parity determination of single-produced resonances at hadron colliders   *
  *                                                                                     *
  *              I. Anderson, S. Bolognesi, F. Caola, Y. Gao, A. Gritsan,               *
  *          Z. Guo, C. Martin, K. Melnikov, R. Rontsch, H. Roskes, U. Sarica,          *
  *                 M. Schulze, N. Tran, A. Whitbeck, M. Xiao, Y. Zhou                  *
  *              Phys.Rev. D81 (2010) 075022;  arXiv:1001.3396  [hep-ph],               *
  *              Phys.Rev. D86 (2012) 095031;  arXiv:1208.4018  [hep-ph],               *
  *              Phys.Rev. D89 (2014) 035007;  arXiv:1309.4819  [hep-ph],               *
  *              Phys.Rev. D94 (2016) 055023;  arXiv:1606.03107 [hep-ph].               *
  *                                                                                     *
  ***************************************************************************************
  
   
   Command line: ./JHUGen PDFSet=2 Collider=1 Process=51 VH_PC=gg Unweighted=1 VegasNc0=100000 VegasNc2=1000000 DataFile=data/gg_14_SM_1M FacScheme=2 RenScheme=2 MuFacMultiplier=1d0 MuRenMultiplier=1d0 Interf=0 Seed=1
   
   Input Parameter:
    Collider: P-P, sqrt(s)=14000.00
    Resonance: spin=0, mass= 125.00 width=   0.00407
    Random seed:           1
    To reproduce results using this seed, JHUGen should be compiled with the same compiler:
      GNU Fortran (GCC) 5.3.0
    
    WidthScheme:   2
    PDFSet:   2
    Unweighted: T
    
      Lambda=  1000.0
    
    LHE output: data/gg_14_SM_1M.lhe
    Histogram output: data/gg_14_SM_1M.dat
    Log file: data/gg_14_SM_1M.log
    
  
  ***************************************************************************************
  *                                JHU Generator v7.1.5                                 *
  ***************************************************************************************
  *                                                                                     *
  *   Spin and parity determination of single-produced resonances at hadron colliders   *
  *                                                                                     *
  *              I. Anderson, S. Bolognesi, F. Caola, Y. Gao, A. Gritsan,               *
  *          Z. Guo, C. Martin, K. Melnikov, R. Rontsch, H. Roskes, U. Sarica,          *
  *                 M. Schulze, N. Tran, A. Whitbeck, M. Xiao, Y. Zhou                  *
  *              Phys.Rev. D81 (2010) 075022;  arXiv:1001.3396  [hep-ph],               *
  *              Phys.Rev. D86 (2012) 095031;  arXiv:1208.4018  [hep-ph],               *
  *              Phys.Rev. D89 (2014) 035007;  arXiv:1309.4819  [hep-ph],               *
  *              Phys.Rev. D94 (2016) 055023;  arXiv:1606.03107 [hep-ph].               *
  *                                                                                     *
  ***************************************************************************************
  
   
   Command line: ./JHUGen PDFSet=2 Collider=1 Process=51 VH_PC=gg Unweighted=1 VegasNc0=100000 VegasNc2=1000000 DataFile=data/gg_14_SM_1M FacScheme=2 RenScheme=2 MuFacMultiplier=1d0 MuRenMultiplier=1d0 Interf=0 Seed=1
   
   Input Parameter:
    Collider: P-P, sqrt(s)=14000.00
    Resonance: spin=0, mass= 125.00 width=   0.00407
    Random seed:           1
    To reproduce results using this seed, JHUGen should be compiled with the same compiler:
      GNU Fortran (GCC) 5.3.0
    
    WidthScheme:   2
    PDFSet:   2
    Unweighted: T
    
      Lambda=  1000.0
    
    LHE output: data/gg_14_SM_1M.lhe
    Histogram output: data/gg_14_SM_1M.dat
    Log file: data/gg_14_SM_1M.log
    
  
  ***************************************************************************************
  *                                JHU Generator v7.1.5                                 *
  ***************************************************************************************
  *                                                                                     *
  *   Spin and parity determination of single-produced resonances at hadron colliders   *
  *                                                                                     *
  *              I. Anderson, S. Bolognesi, F. Caola, Y. Gao, A. Gritsan,               *
  *          Z. Guo, C. Martin, K. Melnikov, R. Rontsch, H. Roskes, U. Sarica,          *
  *                 M. Schulze, N. Tran, A. Whitbeck, M. Xiao, Y. Zhou                  *
  *              Phys.Rev. D81 (2010) 075022;  arXiv:1001.3396  [hep-ph],               *
  *              Phys.Rev. D86 (2012) 095031;  arXiv:1208.4018  [hep-ph],               *
  *              Phys.Rev. D89 (2014) 035007;  arXiv:1309.4819  [hep-ph],               *
  *              Phys.Rev. D94 (2016) 055023;  arXiv:1606.03107 [hep-ph].               *
  *                                                                                     *
  ***************************************************************************************
  
   
   Command line: ./JHUGen PDFSet=2 Collider=1 Process=51 VH_PC=gg Unweighted=1 VegasNc0=100000 VegasNc2=1000000 DataFile=data/gg_14_SM_1M FacScheme=2 RenScheme=2 MuFacMultiplier=1d0 MuRenMultiplier=1d0 Interf=0 Seed=1
   
   Input Parameter:
    Collider: P-P, sqrt(s)=14000.00
    Resonance: spin=0, mass= 125.00 width=   0.00407
    Random seed:           1
    To reproduce results using this seed, JHUGen should be compiled with the same compiler:
      GNU Fortran (GCC) 5.3.0
    
    WidthScheme:   2
    PDFSet:   2
    Unweighted: T
    
      Lambda=  1000.0
    
    LHE output: data/gg_14_SM_1M.lhe
    Histogram output: data/gg_14_SM_1M.dat
    Log file: data/gg_14_SM_1M.log
    
  
  ***************************************************************************************
  *                                JHU Generator v7.1.5                                 *
  ***************************************************************************************
  *                                                                                     *
  *   Spin and parity determination of single-produced resonances at hadron colliders   *
  *                                                                                     *
  *              I. Anderson, S. Bolognesi, F. Caola, Y. Gao, A. Gritsan,               *
  *          Z. Guo, C. Martin, K. Melnikov, R. Rontsch, H. Roskes, U. Sarica,          *
  *                 M. Schulze, N. Tran, A. Whitbeck, M. Xiao, Y. Zhou                  *
  *              Phys.Rev. D81 (2010) 075022;  arXiv:1001.3396  [hep-ph],               *
  *              Phys.Rev. D86 (2012) 095031;  arXiv:1208.4018  [hep-ph],               *
  *              Phys.Rev. D89 (2014) 035007;  arXiv:1309.4819  [hep-ph],               *
  *              Phys.Rev. D94 (2016) 055023;  arXiv:1606.03107 [hep-ph].               *
  *                                                                                     *
  ***************************************************************************************
  
   
   Command line: ./JHUGen PDFSet=2 Collider=1 Process=51 VH_PC=gg Unweighted=1 VegasNc0=100000 VegasNc2=1000000 DataFile=data/gg_14_SM_1M FacScheme=2 RenScheme=2 MuFacMultiplier=1d0 MuRenMultiplier=1d0 Interf=0 Seed=1
   
   Input Parameter:
    Collider: P-P, sqrt(s)=14000.00
    Resonance: spin=0, mass= 125.00 width=   0.00407
    Random seed:           1
    To reproduce results using this seed, JHUGen should be compiled with the same compiler:
      GNU Fortran (GCC) 5.3.0
    
    WidthScheme:   2
    PDFSet:   2
    Unweighted: T
    
      Lambda=  1000.0
    
    LHE output: data/gg_14_SM_1M.lhe
    Histogram output: data/gg_14_SM_1M.dat
    Log file: data/gg_14_SM_1M.log
    
  
  ***************************************************************************************
  *                                JHU Generator v7.1.5                                 *
  ***************************************************************************************
  *                                                                                     *
  *   Spin and parity determination of single-produced resonances at hadron colliders   *
  *                                                                                     *
  *              I. Anderson, S. Bolognesi, F. Caola, Y. Gao, A. Gritsan,               *
  *          Z. Guo, C. Martin, K. Melnikov, R. Rontsch, H. Roskes, U. Sarica,          *
  *                 M. Schulze, N. Tran, A. Whitbeck, M. Xiao, Y. Zhou                  *
  *              Phys.Rev. D81 (2010) 075022;  arXiv:1001.3396  [hep-ph],               *
  *              Phys.Rev. D86 (2012) 095031;  arXiv:1208.4018  [hep-ph],               *
  *              Phys.Rev. D89 (2014) 035007;  arXiv:1309.4819  [hep-ph],               *
  *              Phys.Rev. D94 (2016) 055023;  arXiv:1606.03107 [hep-ph].               *
  *                                                                                     *
  ***************************************************************************************
  
   
   Command line: ./JHUGen PDFSet=2 Collider=1 Process=51 VH_PC=gg Unweighted=1 VegasNc0=100000 VegasNc2=1000000 DataFile=data/gg_14_SM_1M FacScheme=2 RenScheme=2 MuFacMultiplier=1d0 MuRenMultiplier=1d0 Interf=0 Seed=1
   
   Input Parameter:
    Collider: P-P, sqrt(s)=14000.00
    Resonance: spin=0, mass= 125.00 width=   0.00407
    Random seed:           1
    To reproduce results using this seed, JHUGen should be compiled with the same compiler:
      GNU Fortran (GCC) 5.3.0
    
    WidthScheme:   2
    PDFSet:   2
    Unweighted: T
    
      Lambda=  1000.0
    
    LHE output: data/gg_14_SM_1M.lhe
    Histogram output: data/gg_14_SM_1M.dat
    Log file: data/gg_14_SM_1M.log
    
  
  ***************************************************************************************
  *                                JHU Generator v7.1.5                                 *
  ***************************************************************************************
  *                                                                                     *
  *   Spin and parity determination of single-produced resonances at hadron colliders   *
  *                                                                                     *
  *              I. Anderson, S. Bolognesi, F. Caola, Y. Gao, A. Gritsan,               *
  *          Z. Guo, C. Martin, K. Melnikov, R. Rontsch, H. Roskes, U. Sarica,          *
  *                 M. Schulze, N. Tran, A. Whitbeck, M. Xiao, Y. Zhou                  *
  *              Phys.Rev. D81 (2010) 075022;  arXiv:1001.3396  [hep-ph],               *
  *              Phys.Rev. D86 (2012) 095031;  arXiv:1208.4018  [hep-ph],               *
  *              Phys.Rev. D89 (2014) 035007;  arXiv:1309.4819  [hep-ph],               *
  *              Phys.Rev. D94 (2016) 055023;  arXiv:1606.03107 [hep-ph].               *
  *                                                                                     *
  ***************************************************************************************
  
   
   Command line: ./JHUGen PDFSet=2 Collider=1 Process=51 VH_PC=gg Unweighted=1 VegasNc0=100000 VegasNc2=1000000 DataFile=data/gg_14_SM_1M FacScheme=2 RenScheme=2 MuFacMultiplier=1d0 MuRenMultiplier=1d0 Interf=0 Seed=1
   
   Input Parameter:
    Collider: P-P, sqrt(s)=14000.00
    Resonance: spin=0, mass= 125.00 width=   0.00407
    Random seed:           1
    To reproduce results using this seed, JHUGen should be compiled with the same compiler:
      GNU Fortran (GCC) 5.3.0
    
    WidthScheme:   2
    PDFSet:   2
    Unweighted: T
    
      Lambda=  1000.0
    
    LHE output: data/gg_14_SM_1M.lhe
    Histogram output: data/gg_14_SM_1M.dat
    Log file: data/gg_14_SM_1M.log
    
  
  ***************************************************************************************
  *                                JHU Generator v7.1.5                                 *
  ***************************************************************************************
  *                                                                                     *
  *   Spin and parity determination of single-produced resonances at hadron colliders   *
  *                                                                                     *
  *              I. Anderson, S. Bolognesi, F. Caola, Y. Gao, A. Gritsan,               *
  *          Z. Guo, C. Martin, K. Melnikov, R. Rontsch, H. Roskes, U. Sarica,          *
  *                 M. Schulze, N. Tran, A. Whitbeck, M. Xiao, Y. Zhou                  *
  *              Phys.Rev. D81 (2010) 075022;  arXiv:1001.3396  [hep-ph],               *
  *              Phys.Rev. D86 (2012) 095031;  arXiv:1208.4018  [hep-ph],               *
  *              Phys.Rev. D89 (2014) 035007;  arXiv:1309.4819  [hep-ph],               *
  *              Phys.Rev. D94 (2016) 055023;  arXiv:1606.03107 [hep-ph].               *
  *                                                                                     *
  ***************************************************************************************
  
   
   Command line: ./JHUGen PDFSet=2 Collider=1 Process=51 VH_PC=gg Unweighted=1 VegasNc0=100000 VegasNc2=1000000 DataFile=data/gg_14_SM_1M FacScheme=2 RenScheme=2 MuFacMultiplier=1d0 MuRenMultiplier=1d0 Interf=0 Seed=1
   
   Input Parameter:
    Collider: P-P, sqrt(s)=14000.00
    Resonance: spin=0, mass= 125.00 width=   0.00407
    Random seed:           1
    To reproduce results using this seed, JHUGen should be compiled with the same compiler:
      GNU Fortran (GCC) 5.3.0
    
    WidthScheme:   2
    PDFSet:   2
    Unweighted: T
    
      Lambda=  1000.0
    
    LHE output: data/gg_14_SM_1M.lhe
    Histogram output: data/gg_14_SM_1M.dat
    Log file: data/gg_14_SM_1M.log
    
  
  ***************************************************************************************
  *                                JHU Generator v7.1.5                                 *
  ***************************************************************************************
  *                                                                                     *
  *   Spin and parity determination of single-produced resonances at hadron colliders   *
  *                                                                                     *
  *              I. Anderson, S. Bolognesi, F. Caola, Y. Gao, A. Gritsan,               *
  *          Z. Guo, C. Martin, K. Melnikov, R. Rontsch, H. Roskes, U. Sarica,          *
  *                 M. Schulze, N. Tran, A. Whitbeck, M. Xiao, Y. Zhou                  *
  *              Phys.Rev. D81 (2010) 075022;  arXiv:1001.3396  [hep-ph],               *
  *              Phys.Rev. D86 (2012) 095031;  arXiv:1208.4018  [hep-ph],               *
  *              Phys.Rev. D89 (2014) 035007;  arXiv:1309.4819  [hep-ph],               *
  *              Phys.Rev. D94 (2016) 055023;  arXiv:1606.03107 [hep-ph].               *
  *                                                                                     *
  ***************************************************************************************
  
   
   Command line: ./JHUGen PDFSet=2 Collider=1 Process=51 VH_PC=gg Unweighted=1 VegasNc0=100000 VegasNc2=1000000 DataFile=data/gg_14_SM_1M FacScheme=2 RenScheme=2 MuFacMultiplier=1d0 MuRenMultiplier=1d0 Interf=0 Seed=1
   
   Input Parameter:
    Collider: P-P, sqrt(s)=14000.00
  
  ***************************************************************************************
  *                                JHU Generator v7.1.5                                 *
  ***************************************************************************************
  *                                                                                     *
  *   Spin and parity determination of single-produced resonances at hadron colliders   *
  *                                                                                     *
  *              I. Anderson, S. Bolognesi, F. Caola, Y. Gao, A. Gritsan,               *
  *          Z. Guo, C. Martin, K. Melnikov, R. Rontsch, H. Roskes, U. Sarica,          *
  *                 M. Schulze, N. Tran, A. Whitbeck, M. Xiao, Y. Zhou                  *
  *              Phys.Rev. D81 (2010) 075022;  arXiv:1001.3396  [hep-ph],               *
  *              Phys.Rev. D86 (2012) 095031;  arXiv:1208.4018  [hep-ph],               *
  *              Phys.Rev. D89 (2014) 035007;  arXiv:1309.4819  [hep-ph],               *
  *              Phys.Rev. D94 (2016) 055023;  arXiv:1606.03107 [hep-ph].               *
  *                                                                                     *
  ***************************************************************************************
  
   
   Command line: ./JHUGen PDFSet=2 Collider=1 Process=51 VH_PC=gg Unweighted=1 VegasNc0=100000 VegasNc2=1000000 DataFile=data/gg_14_SM_1M FacScheme=2 RenScheme=2 MuFacMultiplier=1d0 MuRenMultiplier=1d0 Interf=0 Seed=1
   
   Input Parameter:
    Collider: P-P, sqrt(s)=14000.00
    Resonance: spin=0, mass= 125.00 width=   0.00407
    Random seed:           1
    To reproduce results using this seed, JHUGen should be compiled with the same compiler:
    Resonance: spin=0, mass= 125.00 width=   0.00407
    Random seed:           1
    To reproduce results using this seed, JHUGen should be compiled with the same compiler:
      GNU Fortran (GCC) 5.3.0
    
    WidthScheme:   2
    PDFSet:   2
    Unweighted: T
    
      Lambda=  1000.0
    
    LHE output: data/gg_14_SM_1M.lhe
    Histogram output: data/gg_14_SM_1M.dat
    Log file: data/gg_14_SM_1M.log
    
      GNU Fortran (GCC) 5.3.0
    
    WidthScheme:   2
    PDFSet:   2
    Unweighted: T
    
      Lambda=  1000.0
    
    LHE output: data/gg_14_SM_1M.lhe
    Histogram output: data/gg_14_SM_1M.dat
    Log file: data/gg_14_SM_1M.log
    
  
  ***************************************************************************************
  *                                JHU Generator v7.1.5                                 *
  ***************************************************************************************
  *                                                                                     *
  *   Spin and parity determination of single-produced resonances at hadron colliders   *
  *                                                                                     *
  *              I. Anderson, S. Bolognesi, F. Caola, Y. Gao, A. Gritsan,               *
  *          Z. Guo, C. Martin, K. Melnikov, R. Rontsch, H. Roskes, U. Sarica,          *
  *                 M. Schulze, N. Tran, A. Whitbeck, M. Xiao, Y. Zhou                  *
  *              Phys.Rev. D81 (2010) 075022;  arXiv:1001.3396  [hep-ph],               *
  *              Phys.Rev. D86 (2012) 095031;  arXiv:1208.4018  [hep-ph],               *
  *              Phys.Rev. D89 (2014) 035007;  arXiv:1309.4819  [hep-ph],               *
  *              Phys.Rev. D94 (2016) 055023;  arXiv:1606.03107 [hep-ph].               *
  *                                                                                     *
  ***************************************************************************************
  
   
   Command line: ./JHUGen PDFSet=2 Collider=1 Process=51 VH_PC=gg Unweighted=1 VegasNc0=100000 VegasNc2=1000000 DataFile=data/gg_14_SM_1M FacScheme=2 RenScheme=2 MuFacMultiplier=1d0 MuRenMultiplier=1d0 Interf=0 Seed=1
   
   Input Parameter:
    Collider: P-P, sqrt(s)=14000.00
    Resonance: spin=0, mass= 125.00 width=   0.00407
    Random seed:           1
    To reproduce results using this seed, JHUGen should be compiled with the same compiler:
      GNU Fortran (GCC) 5.3.0
    
    WidthScheme:   2
    PDFSet:   2
    Unweighted: T
    
      Lambda=  1000.0
    
    LHE output: data/gg_14_SM_1M.lhe
    Histogram output: data/gg_14_SM_1M.dat
    Log file: data/gg_14_SM_1M.log
    
  
  ***************************************************************************************
  *                                JHU Generator v7.1.5                                 *
  ***************************************************************************************
  *                                                                                     *
  *   Spin and parity determination of single-produced resonances at hadron colliders   *
  *                                                                                     *
  *              I. Anderson, S. Bolognesi, F. Caola, Y. Gao, A. Gritsan,               *
  *          Z. Guo, C. Martin, K. Melnikov, R. Rontsch, H. Roskes, U. Sarica,          *
  *                 M. Schulze, N. Tran, A. Whitbeck, M. Xiao, Y. Zhou                  *
  *              Phys.Rev. D81 (2010) 075022;  arXiv:1001.3396  [hep-ph],               *
  *              Phys.Rev. D86 (2012) 095031;  arXiv:1208.4018  [hep-ph],               *
  *              Phys.Rev. D89 (2014) 035007;  arXiv:1309.4819  [hep-ph],               *
  *              Phys.Rev. D94 (2016) 055023;  arXiv:1606.03107 [hep-ph].               *
  *                                                                                     *
  ***************************************************************************************
  
   
   Command line: ./JHUGen PDFSet=2 Collider=1 Process=51 VH_PC=gg Unweighted=1 VegasNc0=100000 VegasNc2=1000000 DataFile=data/gg_14_SM_1M FacScheme=2 RenScheme=2 MuFacMultiplier=1d0 MuRenMultiplier=1d0 Interf=0 Seed=1
   
   Input Parameter:
    Collider: P-P, sqrt(s)=14000.00
    Resonance: spin=0, mass= 125.00 width=   0.00407
    Random seed:           1
    To reproduce results using this seed, JHUGen should be compiled with the same compiler:
      GNU Fortran (GCC) 5.3.0
    
    WidthScheme:   2
    PDFSet:   2
    Unweighted: T
    
      Lambda=  1000.0
    
    LHE output: data/gg_14_SM_1M.lhe
    Histogram output: data/gg_14_SM_1M.dat
    Log file: data/gg_14_SM_1M.log
    
  
  ***************************************************************************************
  *                                JHU Generator v7.1.5                                 *
  ***************************************************************************************
  *                                                                                     *
  *   Spin and parity determination of single-produced resonances at hadron colliders   *
  *                                                                                     *
  *              I. Anderson, S. Bolognesi, F. Caola, Y. Gao, A. Gritsan,               *
  *          Z. Guo, C. Martin, K. Melnikov, R. Rontsch, H. Roskes, U. Sarica,          *
  *                 M. Schulze, N. Tran, A. Whitbeck, M. Xiao, Y. Zhou                  *
  *              Phys.Rev. D81 (2010) 075022;  arXiv:1001.3396  [hep-ph],               *
  *              Phys.Rev. D86 (2012) 095031;  arXiv:1208.4018  [hep-ph],               *
  *              Phys.Rev. D89 (2014) 035007;  arXiv:1309.4819  [hep-ph],               *
  *              Phys.Rev. D94 (2016) 055023;  arXiv:1606.03107 [hep-ph].               *
  *                                                                                     *
  ***************************************************************************************
  
   
   Command line: ./JHUGen PDFSet=2 Collider=1 Process=51 VH_PC=gg Unweighted=1 VegasNc0=100000 VegasNc2=1000000 DataFile=data/gg_14_SM_1M FacScheme=2 RenScheme=2 MuFacMultiplier=1d0 MuRenMultiplier=1d0 Interf=0 Seed=1
   
   Input Parameter:
    Collider: P-P, sqrt(s)=14000.00
    Resonance: spin=0, mass= 125.00 width=   0.00407
    Random seed:           1
    To reproduce results using this seed, JHUGen should be compiled with the same compiler:
      GNU Fortran (GCC) 5.3.0
    
    WidthScheme:   2
    PDFSet:   2
    Unweighted: T
    
      Lambda=  1000.0
    
    LHE output: data/gg_14_SM_1M.lhe
    Histogram output: data/gg_14_SM_1M.dat
    Log file: data/gg_14_SM_1M.log
    
  
  ***************************************************************************************
  *                                JHU Generator v7.1.5                                 *
  ***************************************************************************************
  *                                                                                     *
  *   Spin and parity determination of single-produced resonances at hadron colliders   *
  *                                                                                     *
  *              I. Anderson, S. Bolognesi, F. Caola, Y. Gao, A. Gritsan,               *
  *          Z. Guo, C. Martin, K. Melnikov, R. Rontsch, H. Roskes, U. Sarica,          *
  *                 M. Schulze, N. Tran, A. Whitbeck, M. Xiao, Y. Zhou                  *
  *              Phys.Rev. D81 (2010) 075022;  arXiv:1001.3396  [hep-ph],               *
  *              Phys.Rev. D86 (2012) 095031;  arXiv:1208.4018  [hep-ph],               *
  *              Phys.Rev. D89 (2014) 035007;  arXiv:1309.4819  [hep-ph],               *
  *              Phys.Rev. D94 (2016) 055023;  arXiv:1606.03107 [hep-ph].               *
  *                                                                                     *
  ***************************************************************************************
  
   
   Command line: ./JHUGen PDFSet=2 Collider=1 Process=51 VH_PC=gg Unweighted=1 VegasNc0=100000 VegasNc2=1000000 DataFile=data/gg_14_SM_1M FacScheme=2 RenScheme=2 MuFacMultiplier=1d0 MuRenMultiplier=1d0 Interf=0 Seed=1
   
   Input Parameter:
    Collider: P-P, sqrt(s)=14000.00
    Resonance: spin=0, mass= 125.00 width=   0.00407
    Random seed:           1
    To reproduce results using this seed, JHUGen should be compiled with the same compiler:
      GNU Fortran (GCC) 5.3.0
    
    WidthScheme:   2
    PDFSet:   2
    Unweighted: T
    
      Lambda=  1000.0
    
    LHE output: data/gg_14_SM_1M.lhe
    Histogram output: data/gg_14_SM_1M.dat
    Log file: data/gg_14_SM_1M.log
    
  
  ***************************************************************************************
  *                                JHU Generator v7.1.5                                 *
  ***************************************************************************************
  *                                                                                     *
  *   Spin and parity determination of single-produced resonances at hadron colliders   *
  *                                                                                     *
  *              I. Anderson, S. Bolognesi, F. Caola, Y. Gao, A. Gritsan,               *
  *          Z. Guo, C. Martin, K. Melnikov, R. Rontsch, H. Roskes, U. Sarica,          *
  *                 M. Schulze, N. Tran, A. Whitbeck, M. Xiao, Y. Zhou                  *
  *              Phys.Rev. D81 (2010) 075022;  arXiv:1001.3396  [hep-ph],               *
  *              Phys.Rev. D86 (2012) 095031;  arXiv:1208.4018  [hep-ph],               *
  *              Phys.Rev. D89 (2014) 035007;  arXiv:1309.4819  [hep-ph],               *
  *              Phys.Rev. D94 (2016) 055023;  arXiv:1606.03107 [hep-ph].               *
  *                                                                                     *
  ***************************************************************************************
  
   
   Command line: ./JHUGen PDFSet=2 Collider=1 Process=51 VH_PC=gg Unweighted=1 VegasNc0=100000 VegasNc2=1000000 DataFile=data/gg_14_SM_1M FacScheme=2 RenScheme=2 MuFacMultiplier=1d0 MuRenMultiplier=1d0 Interf=0 Seed=1
   
   Input Parameter:
    Collider: P-P, sqrt(s)=14000.00
    Resonance: spin=0, mass= 125.00 width=   0.00407
    Random seed:           1
    To reproduce results using this seed, JHUGen should be compiled with the same compiler:
      GNU Fortran (GCC) 5.3.0
    
    WidthScheme:   2
    PDFSet:   2
    Unweighted: T
    
      Lambda=  1000.0
    
    LHE output: data/gg_14_SM_1M.lhe
    Histogram output: data/gg_14_SM_1M.dat
    Log file: data/gg_14_SM_1M.log
    
  
  ***************************************************************************************
  *                                JHU Generator v7.1.5                                 *
  ***************************************************************************************
  *                                                                                     *
  *   Spin and parity determination of single-produced resonances at hadron colliders   *
  *                                                                                     *
  *              I. Anderson, S. Bolognesi, F. Caola, Y. Gao, A. Gritsan,               *
  *          Z. Guo, C. Martin, K. Melnikov, R. Rontsch, H. Roskes, U. Sarica,          *
  *                 M. Schulze, N. Tran, A. Whitbeck, M. Xiao, Y. Zhou                  *
  *              Phys.Rev. D81 (2010) 075022;  arXiv:1001.3396  [hep-ph],               *
  *              Phys.Rev. D86 (2012) 095031;  arXiv:1208.4018  [hep-ph],               *
  *              Phys.Rev. D89 (2014) 035007;  arXiv:1309.4819  [hep-ph],               *
  *              Phys.Rev. D94 (2016) 055023;  arXiv:1606.03107 [hep-ph].               *
  *                                                                                     *
  ***************************************************************************************
  
   
   Command line: ./JHUGen PDFSet=2 Collider=1 Process=51 VH_PC=gg Unweighted=1 VegasNc0=100000 VegasNc2=1000000 DataFile=data/gg_14_SM_1M FacScheme=2 RenScheme=2 MuFacMultiplier=1d0 MuRenMultiplier=1d0 Interf=0 Seed=1
   
   Input Parameter:
    Collider: P-P, sqrt(s)=14000.00
    Resonance: spin=0, mass= 125.00 width=   0.00407
    Random seed:           1
    To reproduce results using this seed, JHUGen should be compiled with the same compiler:
      GNU Fortran (GCC) 5.3.0
    
    WidthScheme:   2
    PDFSet:   2
    Unweighted: T
    
      Lambda=  1000.0
    
    LHE output: data/gg_14_SM_1M.lhe
    Histogram output: data/gg_14_SM_1M.dat
    Log file: data/gg_14_SM_1M.log
    
  
  ***************************************************************************************
  *                                JHU Generator v7.1.5                                 *
  ***************************************************************************************
  *                                                                                     *
  *   Spin and parity determination of single-produced resonances at hadron colliders   *
  *                                                                                     *
  *              I. Anderson, S. Bolognesi, F. Caola, Y. Gao, A. Gritsan,               *
  *          Z. Guo, C. Martin, K. Melnikov, R. Rontsch, H. Roskes, U. Sarica,          *
  *                 M. Schulze, N. Tran, A. Whitbeck, M. Xiao, Y. Zhou                  *
  *              Phys.Rev. D81 (2010) 075022;  arXiv:1001.3396  [hep-ph],               *
  *              Phys.Rev. D86 (2012) 095031;  arXiv:1208.4018  [hep-ph],               *
  *              Phys.Rev. D89 (2014) 035007;  arXiv:1309.4819  [hep-ph],               *
  *              Phys.Rev. D94 (2016) 055023;  arXiv:1606.03107 [hep-ph].               *
  *                                                                                     *
  ***************************************************************************************
  
   
   Command line: ./JHUGen PDFSet=2 Collider=1 Process=51 VH_PC=gg Unweighted=1 VegasNc0=100000 VegasNc2=1000000 DataFile=data/gg_14_SM_1M FacScheme=2 RenScheme=2 MuFacMultiplier=1d0 MuRenMultiplier=1d0 Interf=0 Seed=1
   
   Input Parameter:
    Collider: P-P, sqrt(s)=14000.00
    Resonance: spin=0, mass= 125.00 width=   0.00407
    Random seed:           1
    To reproduce results using this seed, JHUGen should be compiled with the same compiler:
      GNU Fortran (GCC) 5.3.0
    
    WidthScheme:   2
    PDFSet:   2
    Unweighted: T
    
      Lambda=  1000.0
    
    LHE output: data/gg_14_SM_1M.lhe
    Histogram output: data/gg_14_SM_1M.dat
    Log file: data/gg_14_SM_1M.log
    
  
  ***************************************************************************************
  *                                JHU Generator v7.1.5                                 *
  ***************************************************************************************
  *                                                                                     *
  *   Spin and parity determination of single-produced resonances at hadron colliders   *
  *                                                                                     *
  *              I. Anderson, S. Bolognesi, F. Caola, Y. Gao, A. Gritsan,               *
  *          Z. Guo, C. Martin, K. Melnikov, R. Rontsch, H. Roskes, U. Sarica,          *
  *                 M. Schulze, N. Tran, A. Whitbeck, M. Xiao, Y. Zhou                  *
  *              Phys.Rev. D81 (2010) 075022;  arXiv:1001.3396  [hep-ph],               *
  *              Phys.Rev. D86 (2012) 095031;  arXiv:1208.4018  [hep-ph],               *
  *              Phys.Rev. D89 (2014) 035007;  arXiv:1309.4819  [hep-ph],               *
  *              Phys.Rev. D94 (2016) 055023;  arXiv:1606.03107 [hep-ph].               *
  *                                                                                     *
  ***************************************************************************************
  
   
   Command line: ./JHUGen PDFSet=2 Collider=1 Process=51 VH_PC=gg Unweighted=1 VegasNc0=100000 VegasNc2=1000000 DataFile=data/gg_14_SM_1M FacScheme=2 RenScheme=2 MuFacMultiplier=1d0 MuRenMultiplier=1d0 Interf=0 Seed=1
   
   Input Parameter:
    Collider: P-P, sqrt(s)=14000.00
    Resonance: spin=0, mass= 125.00 width=   0.00407
    Random seed:           1
    To reproduce results using this seed, JHUGen should be compiled with the same compiler:
      GNU Fortran (GCC) 5.3.0
    
    WidthScheme:   2
    PDFSet:   2
    Unweighted: T
    
      Lambda=  1000.0
    
    LHE output: data/gg_14_SM_1M.lhe
    Histogram output: data/gg_14_SM_1M.dat
    Log file: data/gg_14_SM_1M.log
    
  Running
  Running
  Running
  Running
  Running
  Running
  Running
  Running
  Running
  Running
  Running
  Running
  Running
  Running
  Running
  Running
  Running
  Running
  Running
  Running
  Running
  Running
  Running
  Running
  finding maximal weight with       100000  evaluations
  finding maximal weight with       100000  evaluations
  finding maximal weight with       100000  evaluations
  finding maximal weight with       100000  evaluations
  finding maximal weight with       100000  evaluations
  finding maximal weight with       100000  evaluations
  finding maximal weight with       100000  evaluations
  finding maximal weight with       100000  evaluations
  finding maximal weight with       100000  evaluations
  finding maximal weight with       100000  evaluations
  finding maximal weight with       100000  evaluations
  finding maximal weight with       100000  evaluations
  finding maximal weight with       100000  evaluations
  finding maximal weight with       100000  evaluations
  finding maximal weight with       100000  evaluations
  finding maximal weight with       100000  evaluations
  finding maximal weight with       100000  evaluations
  finding maximal weight with       100000  evaluations
  finding maximal weight with       100000  evaluations
  finding maximal weight with       100000  evaluations
  finding maximal weight with       100000  evaluations
  finding maximal weight with       100000  evaluations
  finding maximal weight with       100000  evaluations
  finding maximal weight with       100000  evaluations
 Reading PDF grid from pdfs/mstw2008lo.00.dat
 Reading PDF grid from pdfs/mstw2008lo.00.dat
 Reading PDF grid from pdfs/mstw2008lo.00.dat
 Reading PDF grid from pdfs/mstw2008lo.00.dat
 Reading PDF grid from pdfs/mstw2008lo.00.dat
 Reading PDF grid from pdfs/mstw2008lo.00.dat
 Reading PDF grid from pdfs/mstw2008lo.00.dat
 Reading PDF grid from pdfs/mstw2008lo.00.dat
 Reading PDF grid from pdfs/mstw2008lo.00.dat
 Reading PDF grid from pdfs/mstw2008lo.00.dat
 Reading PDF grid from pdfs/mstw2008lo.00.dat
 Reading PDF grid from pdfs/mstw2008lo.00.dat
 Reading PDF grid from pdfs/mstw2008lo.00.dat
 Reading PDF grid from pdfs/mstw2008lo.00.dat
 Reading PDF grid from pdfs/mstw2008lo.00.dat
 Reading PDF grid from pdfs/mstw2008lo.00.dat
 Reading PDF grid from pdfs/mstw2008lo.00.dat
 Reading PDF grid from pdfs/mstw2008lo.00.dat
 Reading PDF grid from pdfs/mstw2008lo.00.dat
 Reading PDF grid from pdfs/mstw2008lo.00.dat
 Reading PDF grid from pdfs/mstw2008lo.00.dat
 Reading PDF grid from pdfs/mstw2008lo.00.dat
 Reading PDF grid from pdfs/mstw2008lo.00.dat
 Reading PDF grid from pdfs/mstw2008lo.00.dat
slurmstepd: error: *** JOB 26816986 ON compute0192 CANCELLED AT 2018-04-28T14:21:12 ***
